<?xml version="1.0" encoding="UTF-8"?>
<testsuite name="com.mdscem.apitestframework.ApitestframeworkApplicationTests" tests="1" skipped="0" failures="0" errors="0" timestamp="2024-10-14T08:28:03" hostname="localhost.localdomain" time="0.26">
  <properties/>
  <testcase name="contextLoads()" classname="com.mdscem.apitestframework.ApitestframeworkApplicationTests" time="0.26"/>
  <system-out><![CDATA[04:28:02.387 [Test worker] DEBUG org.springframework.test.context.BootstrapUtils - Instantiating CacheAwareContextLoaderDelegate from class [org.springframework.test.context.cache.DefaultCacheAwareContextLoaderDelegate]
04:28:02.395 [Test worker] DEBUG org.springframework.test.context.BootstrapUtils - Instantiating BootstrapContext using constructor [public org.springframework.test.context.support.DefaultBootstrapContext(java.lang.Class,org.springframework.test.context.CacheAwareContextLoaderDelegate)]
04:28:02.426 [Test worker] DEBUG org.springframework.test.context.BootstrapUtils - Instantiating TestContextBootstrapper for test class [com.mdscem.apitestframework.ApitestframeworkApplicationTests] from class [org.springframework.boot.test.context.SpringBootTestContextBootstrapper]
04:28:02.441 [Test worker] INFO org.springframework.boot.test.context.SpringBootTestContextBootstrapper - Neither @ContextConfiguration nor @ContextHierarchy found for test class [com.mdscem.apitestframework.ApitestframeworkApplicationTests], using SpringBootContextLoader
04:28:02.444 [Test worker] DEBUG org.springframework.test.context.support.AbstractContextLoader - Did not detect default resource location for test class [com.mdscem.apitestframework.ApitestframeworkApplicationTests]: class path resource [com/mdscem/apitestframework/ApitestframeworkApplicationTests-context.xml] does not exist
04:28:02.444 [Test worker] DEBUG org.springframework.test.context.support.AbstractContextLoader - Did not detect default resource location for test class [com.mdscem.apitestframework.ApitestframeworkApplicationTests]: class path resource [com/mdscem/apitestframework/ApitestframeworkApplicationTestsContext.groovy] does not exist
04:28:02.445 [Test worker] INFO org.springframework.test.context.support.AbstractContextLoader - Could not detect default resource locations for test class [com.mdscem.apitestframework.ApitestframeworkApplicationTests]: no resource found for suffixes {-context.xml, Context.groovy}.
04:28:02.445 [Test worker] INFO org.springframework.test.context.support.AnnotationConfigContextLoaderUtils - Could not detect default configuration classes for test class [com.mdscem.apitestframework.ApitestframeworkApplicationTests]: ApitestframeworkApplicationTests does not declare any static, non-private, non-final, nested classes annotated with @Configuration.
04:28:02.483 [Test worker] DEBUG org.springframework.test.context.support.ActiveProfilesUtils - Could not find an 'annotation declaring class' for annotation type [org.springframework.test.context.ActiveProfiles] and class [com.mdscem.apitestframework.ApitestframeworkApplicationTests]
04:28:02.534 [Test worker] DEBUG org.springframework.context.annotation.ClassPathScanningCandidateComponentProvider - Identified candidate component class: file [/home/hansakasudusinghe/Documents/Octomber/Update/TestFramework/apitestframework/build/classes/java/main/com/mdscem/apitestframework/ApitestframeworkApplication.class]
04:28:02.536 [Test worker] INFO org.springframework.boot.test.context.SpringBootTestContextBootstrapper - Found @SpringBootConfiguration com.mdscem.apitestframework.ApitestframeworkApplication for test class com.mdscem.apitestframework.ApitestframeworkApplicationTests
04:28:02.626 [Test worker] DEBUG org.springframework.boot.test.context.SpringBootTestContextBootstrapper - @TestExecutionListeners is not present for class [com.mdscem.apitestframework.ApitestframeworkApplicationTests]: using defaults.
04:28:02.627 [Test worker] INFO org.springframework.boot.test.context.SpringBootTestContextBootstrapper - Loaded default TestExecutionListener class names from location [META-INF/spring.factories]: [org.springframework.boot.test.autoconfigure.restdocs.RestDocsTestExecutionListener, org.springframework.boot.test.autoconfigure.web.client.MockRestServiceServerResetTestExecutionListener, org.springframework.boot.test.autoconfigure.web.servlet.MockMvcPrintOnlyOnFailureTestExecutionListener, org.springframework.boot.test.autoconfigure.web.servlet.WebDriverTestExecutionListener, org.springframework.boot.test.autoconfigure.webservices.client.MockWebServiceServerTestExecutionListener, org.springframework.boot.test.mock.mockito.MockitoTestExecutionListener, org.springframework.boot.test.mock.mockito.ResetMocksTestExecutionListener, org.springframework.test.context.web.ServletTestExecutionListener, org.springframework.test.context.support.DirtiesContextBeforeModesTestExecutionListener, org.springframework.test.context.event.ApplicationEventsTestExecutionListener, org.springframework.test.context.support.DependencyInjectionTestExecutionListener, org.springframework.test.context.support.DirtiesContextTestExecutionListener, org.springframework.test.context.transaction.TransactionalTestExecutionListener, org.springframework.test.context.jdbc.SqlScriptsTestExecutionListener, org.springframework.test.context.event.EventPublishingTestExecutionListener]
04:28:02.636 [Test worker] DEBUG org.springframework.boot.test.context.SpringBootTestContextBootstrapper - Skipping candidate TestExecutionListener [org.springframework.test.context.web.ServletTestExecutionListener] due to a missing dependency. Specify custom listener classes or make the default listener classes and their required dependencies available. Offending class: [javax/servlet/ServletContext]
04:28:02.638 [Test worker] DEBUG org.springframework.boot.test.context.SpringBootTestContextBootstrapper - Skipping candidate TestExecutionListener [org.springframework.test.context.transaction.TransactionalTestExecutionListener] due to a missing dependency. Specify custom listener classes or make the default listener classes and their required dependencies available. Offending class: [org/springframework/transaction/TransactionDefinition]
04:28:02.639 [Test worker] DEBUG org.springframework.boot.test.context.SpringBootTestContextBootstrapper - Skipping candidate TestExecutionListener [org.springframework.test.context.jdbc.SqlScriptsTestExecutionListener] due to a missing dependency. Specify custom listener classes or make the default listener classes and their required dependencies available. Offending class: [org/springframework/transaction/interceptor/TransactionAttribute]
04:28:02.639 [Test worker] INFO org.springframework.boot.test.context.SpringBootTestContextBootstrapper - Using TestExecutionListeners: [org.springframework.test.context.support.DirtiesContextBeforeModesTestExecutionListener@32c4e8b2, org.springframework.test.context.event.ApplicationEventsTestExecutionListener@64bce832, org.springframework.boot.test.mock.mockito.MockitoTestExecutionListener@764faa6, org.springframework.boot.test.autoconfigure.SpringBootDependencyInjectionTestExecutionListener@4c1f22f3, org.springframework.test.context.support.DirtiesContextTestExecutionListener@598bd2ba, org.springframework.test.context.event.EventPublishingTestExecutionListener@5a755cc1, org.springframework.boot.test.autoconfigure.restdocs.RestDocsTestExecutionListener@7ae42ce3, org.springframework.boot.test.autoconfigure.web.client.MockRestServiceServerResetTestExecutionListener@4f5991f6, org.springframework.boot.test.autoconfigure.web.servlet.MockMvcPrintOnlyOnFailureTestExecutionListener@484094a5, org.springframework.boot.test.autoconfigure.web.servlet.WebDriverTestExecutionListener@38234a38, org.springframework.boot.test.autoconfigure.webservices.client.MockWebServiceServerTestExecutionListener@63fbfaeb, org.springframework.boot.test.mock.mockito.ResetMocksTestExecutionListener@602e0143]
04:28:02.643 [Test worker] DEBUG org.springframework.test.context.support.AbstractDirtiesContextTestExecutionListener - Before test class: context [DefaultTestContext@45312be2 testClass = ApitestframeworkApplicationTests, testInstance = [null], testMethod = [null], testException = [null], mergedContextConfiguration = [MergedContextConfiguration@7fb95505 testClass = ApitestframeworkApplicationTests, locations = '{}', classes = '{class com.mdscem.apitestframework.ApitestframeworkApplication}', contextInitializerClasses = '[]', activeProfiles = '{}', propertySourceLocations = '{}', propertySourceProperties = '{org.springframework.boot.test.context.SpringBootTestContextBootstrapper=true}', contextCustomizers = set[org.springframework.boot.test.autoconfigure.actuate.metrics.MetricsExportContextCustomizerFactory$DisableMetricExportContextCustomizer@5ddeb7cb, org.springframework.boot.test.autoconfigure.properties.PropertyMappingContextCustomizer@0, org.springframework.boot.test.autoconfigure.web.servlet.WebDriverContextCustomizerFactory$Customizer@1040be71, org.springframework.boot.test.context.filter.ExcludeFilterContextCustomizer@7fd50002, org.springframework.boot.test.json.DuplicateJsonObjectContextCustomizerFactory$DuplicateJsonObjectContextCustomizer@28dcca0c, org.springframework.boot.test.mock.mockito.MockitoContextCustomizer@0, org.springframework.boot.test.web.client.TestRestTemplateContextCustomizer@710636b0, org.springframework.boot.test.context.SpringBootTestArgs@1, org.springframework.boot.test.context.SpringBootTestWebEnvironment@5cee5251], contextLoader = 'org.springframework.boot.test.context.SpringBootContextLoader', parent = [null]], attributes = map[[empty]]], class annotated with @DirtiesContext [false] with mode [null].
04:28:02.653 [Test worker] DEBUG org.springframework.test.context.support.DependencyInjectionTestExecutionListener - Performing dependency injection for test context [[DefaultTestContext@45312be2 testClass = ApitestframeworkApplicationTests, testInstance = com.mdscem.apitestframework.ApitestframeworkApplicationTests@676cf48, testMethod = [null], testException = [null], mergedContextConfiguration = [MergedContextConfiguration@7fb95505 testClass = ApitestframeworkApplicationTests, locations = '{}', classes = '{class com.mdscem.apitestframework.ApitestframeworkApplication}', contextInitializerClasses = '[]', activeProfiles = '{}', propertySourceLocations = '{}', propertySourceProperties = '{org.springframework.boot.test.context.SpringBootTestContextBootstrapper=true}', contextCustomizers = set[org.springframework.boot.test.autoconfigure.actuate.metrics.MetricsExportContextCustomizerFactory$DisableMetricExportContextCustomizer@5ddeb7cb, org.springframework.boot.test.autoconfigure.properties.PropertyMappingContextCustomizer@0, org.springframework.boot.test.autoconfigure.web.servlet.WebDriverContextCustomizerFactory$Customizer@1040be71, org.springframework.boot.test.context.filter.ExcludeFilterContextCustomizer@7fd50002, org.springframework.boot.test.json.DuplicateJsonObjectContextCustomizerFactory$DuplicateJsonObjectContextCustomizer@28dcca0c, org.springframework.boot.test.mock.mockito.MockitoContextCustomizer@0, org.springframework.boot.test.web.client.TestRestTemplateContextCustomizer@710636b0, org.springframework.boot.test.context.SpringBootTestArgs@1, org.springframework.boot.test.context.SpringBootTestWebEnvironment@5cee5251], contextLoader = 'org.springframework.boot.test.context.SpringBootContextLoader', parent = [null]], attributes = map['org.springframework.test.context.event.ApplicationEventsTestExecutionListener.recordApplicationEvents' -> false]]].

  .   ____          _            __ _ _
 /\\ / ___'_ __ _ _(_)_ __  __ _ \ \ \ \
( ( )\___ | '_ | '_| | '_ \/ _` | \ \ \ \
 \\/  ___)| |_)| | | | | || (_| |  ) ) ) )
  '  |____| .__|_| |_|_| |_\__, | / / / /
 =========|_|==============|___/=/_/_/_/
 :: Spring Boot ::                (v2.7.0)

2024-10-14 04:28:03.203  INFO 58192 --- [    Test worker] c.m.a.ApitestframeworkApplicationTests   : Starting ApitestframeworkApplicationTests using Java 1.8.0_422 on localhost.localdomain with PID 58192 (started by hansakasudusinghe in /home/hansakasudusinghe/Documents/Octomber/Update/TestFramework/apitestframework)
2024-10-14 04:28:03.205  INFO 58192 --- [    Test worker] c.m.a.ApitestframeworkApplicationTests   : No active profile set, falling back to 1 default profile: "default"
2024-10-14 04:28:03.845  WARN 58192 --- [    Test worker] o.s.b.a.m.MustacheAutoConfiguration      : Cannot find template location: classpath:/templates/ (please add some templates, check your Mustache configuration, or set spring.mustache.check-template-location=false)
2024-10-14 04:28:03.899  INFO 58192 --- [    Test worker] c.m.a.ApitestframeworkApplicationTests   : Started ApitestframeworkApplicationTests in 1.226 seconds (JVM running for 2.86)
]]></system-out>
  <system-err><![CDATA[]]></system-err>
</testsuite>
